[22:26:45] [ServerMain/INFO]: Environment: authHost='https://authserver.mojang.com', accountsHost='https://api.mojang.com', sessionHost='https://sessionserver.mojang.com', servicesHost='https://api.minecraftservices.com', name='PROD'
[22:26:46] [ServerMain/INFO]: Loaded 7 recipes
[22:26:46] [Server thread/INFO]: Starting minecraft server version 1.19.4
[22:26:46] [Server thread/INFO]: Loading properties
[22:26:46] [Server thread/INFO]: This server is running Paper version git-Paper-471 (MC: 1.19.4) (Implementing API version 1.19.4-R0.1-SNAPSHOT) (Git: d5abb94)
[22:26:46] [Server thread/INFO]: Server Ping Player Sample Count: 12
[22:26:46] [Server thread/INFO]: Using 4 threads for Netty based IO
[22:26:46] [Server thread/INFO]: [ChunkTaskScheduler] Chunk system is using 1 I/O threads, 4 worker threads, and gen parallelism of 4 threads
[22:26:46] [Server thread/INFO]: Default game type: SURVIVAL
[22:26:46] [Server thread/INFO]: Generating keypair
[22:26:47] [Server thread/INFO]: Starting Minecraft server on *:25565
[22:26:47] [Server thread/INFO]: Using default channel type
[22:26:47] [Server thread/INFO]: Paper: Using Java compression from Velocity.
[22:26:47] [Server thread/INFO]: Paper: Using Java cipher from Velocity.
[22:26:47] [Server thread/WARN]: [org.bukkit.craftbukkit.v1_19_R3.legacy.CraftLegacy] Initializing Legacy Material Support. Unless you have legacy plugins and/or data this is a bug!
[22:26:49] [Server thread/WARN]: Legacy plugin TreeCapitator v1.0 does not specify an api-version.
[22:26:49] [Server thread/INFO]: [com.dfsek.terra.AbstractPlatform] Initializing Terra...
[22:26:49] [Server thread/INFO]: [com.dfsek.terra.AbstractPlatform] Loading config.yml
[22:26:49] [Server thread/INFO]: [com.dfsek.terra.config.PluginConfigImpl] Loading config values from config.yml
[22:26:49] [Server thread/INFO]: [com.dfsek.terra.AbstractPlatform] Loading 32 Terra addons:
        - biome-provider-extrusion@1.0.0-BETA+8fff27fdd
        - biome-provider-image@1.0.0-BETA+8fff27fdd
        - biome-provider-pipeline@1.0.1-BETA+8fff27fdd
        - biome-provider-pipeline-v2@1.0.0-BETA+8fff27fdd
        - biome-provider-single@1.0.0-BETA+8fff27fdd
        - biome-query-api@1.0.0-BETA+8fff27fdd
        - chunk-generator-noise-3d@1.1.0-BETA+8fff27fdd
        - command-addons@1.0.0-BETA+8fff27fdd
        - command-packs@1.0.0-BETA+8fff27fdd
        - command-profiler@1.0.0-BETA+8fff27fdd
        - command-structures@1.0.0-BETA+8fff27fdd
        - config-biome@1.0.0-BETA+8fff27fdd
        - config-distributors@1.0.0-BETA+8fff27fdd
        - config-feature@1.0.0-BETA+8fff27fdd
        - config-flora@1.0.0-BETA+8fff27fdd
        - config-locators@1.1.0-BETA+8fff27fdd
        - config-noise-function@1.0.0-BETA+8fff27fdd
        - config-ore@1.0.0-BETA+8fff27fdd
        - config-palette@1.0.0-BETA+8fff27fdd
        - config-structure@1.0.0-BETA+8fff27fdd
        - generation-stage-feature@1.1.0-BETA+8fff27fdd
        - generation-stage-structure@1.0.0-BETA+8fff27fdd
        - language-yaml@1.0.0-BETA+8fff27fdd
        - palette-block-shortcut@1.0.0-BETA+8fff27fdd
        - structure-block-shortcut@1.0.0-BETA+8fff27fdd
        - structure-function-check-noise-3d@1.0.0-BETA+8fff27fdd
        - structure-mutator@0.1.0-BETA+8fff27fdd
        - structure-sponge-loader@1.0.0-BETA+8fff27fdd
        - structure-terrascript-loader@1.1.0-BETA+8fff27fdd
        - terra@1.0.0
        - terra-bukkit@1.0.0
        - terrascript-function-sampler@1.0.0-BETA+8fff27fdd
[22:26:49] [Server thread/WARN]: [com.dfsek.terra.addons.biome.pipeline.BiomePipelineAddon] The biome-provider-pipeline addon is deprecated and scheduled for removal in Terra 7.0. It is recommended to use the biome-provider-pipeline-v2 addon for future pack development instead.
[22:26:49] [Server thread/INFO]: [com.dfsek.terra.AbstractPlatform] Terra addons successfully loaded.
[22:26:49] [Server thread/INFO]: [com.dfsek.terra.AbstractPlatform] Finished initialization.
[22:26:49] [Server thread/WARN]: Legacy plugin LoginSecurity v3.1.1 does not specify an api-version.
[22:26:49] [Server thread/INFO]: [mcMMO] Loading server plugin mcMMO v2.1.219-SNAPSHOT
[22:26:49] [Server thread/INFO]: [LuckPerms] Loading server plugin LuckPerms v5.4.40
[22:26:49] [Server thread/INFO]: [VeinMiner] Loading server plugin VeinMiner v2.0.0
[22:26:49] [Server thread/INFO]: [TreeCapitator] Loading server plugin TreeCapitator v1.0
[22:26:49] [Server thread/INFO]: [Terra] Loading server plugin Terra v6.2.2-BETA+8fff27fdd
[22:26:49] [Server thread/INFO]: [LoginSecurity] Loading server plugin LoginSecurity v3.1.1
[22:26:49] [Server thread/INFO]: [GSit] Loading server plugin GSit v1.4.1
[22:26:49] [Server thread/INFO]: [Essentials] Loading server plugin Essentials v2.20.0-dev+45-bf14b88
[22:26:49] [Server thread/INFO]: [dynmap] Loading server plugin dynmap v3.5-beta-3-866
[22:26:49] [Server thread/INFO]: [dynmap] version=git-Paper-471 (MC: 1.19.4)
[22:26:49] [Server thread/INFO]: [dynmap] Mod Support API available
[22:26:49] [Server thread/INFO]: Server permissions file permissions.yml is empty, ignoring it
[22:26:49] [Server thread/INFO]: [LuckPerms] Enabling LuckPerms v5.4.40
[22:26:50] [Server thread/INFO]:         __    
[22:26:50] [Server thread/INFO]:   |    |__)   LuckPerms v5.4.40
[22:26:50] [Server thread/INFO]:   |___ |      Running on Bukkit - Paper
[22:26:50] [Server thread/INFO]: 
[22:26:50] [Server thread/INFO]: [LuckPerms] Loading configuration...
[22:26:50] [Server thread/INFO]: [LuckPerms] Loading storage provider... [H2]
[22:26:50] [Server thread/INFO]: [LuckPerms] Loading internal permission managers...
[22:26:50] [Server thread/INFO]: [LuckPerms] Performing initial data load...
[22:26:50] [Server thread/INFO]: [LuckPerms] Successfully enabled. (took 1038ms)
[22:26:50] [Server thread/INFO]: [Terra] Enabling Terra v6.2.2-BETA+8fff27fdd
[22:26:50] [Server thread/INFO]: [com.dfsek.terra.bukkit.TerraBukkitPlugin] Running on Minecraft version v1.19.3 with server implementation Paper.
[22:26:50] [Server thread/INFO]: [com.dfsek.terra.AbstractPlatform] Loading config packs...
[22:26:50] [Server thread/INFO]: [com.dfsek.terra.registry.master.ConfigRegistry] Loading ZIP archive: default.zip
[22:26:51] [Server thread/INFO]: [com.dfsek.terra.config.pack.ConfigPackImpl] Loading config pack "OVERWORLD:OVERWORLD"
[22:26:52] [Server thread/INFO]: [com.dfsek.terra.config.pack.ConfigPackImpl] Loaded config pack "OVERWORLD:OVERWORLD" v1.3.0 by Astrash, Sancires, Aureus in 1445.7945ms.
[22:26:52] [Server thread/INFO]: [com.dfsek.terra.AbstractPlatform] Loaded packs.
[22:26:52] [Server thread/ERROR]: [com.dfsek.terra.bukkit.nms.Initializer] NMS bindings for version v1_19_R3 do not exist. Support for this version is limited.
[22:26:52] [Server thread/ERROR]: [com.dfsek.terra.bukkit.nms.Initializer] This is usually due to running Terra on an unsupported Minecraft version.
[22:26:52] [Server thread/ERROR]: [com.dfsek.terra.bukkit.nms.Initializer] 
[22:26:52] [Server thread/ERROR]: [com.dfsek.terra.bukkit.nms.Initializer] 
[22:26:52] [Server thread/ERROR]: [com.dfsek.terra.bukkit.nms.Initializer] PROCEEDING WITH AN EXISTING TERRA WORLD WILL RESULT IN CORRUPTION!!!
[22:26:52] [Server thread/ERROR]: [com.dfsek.terra.bukkit.nms.Initializer] PROCEEDING WITH AN EXISTING TERRA WORLD WILL RESULT IN CORRUPTION!!!
[22:26:52] [Server thread/ERROR]: [com.dfsek.terra.bukkit.nms.Initializer] PROCEEDING WITH AN EXISTING TERRA WORLD WILL RESULT IN CORRUPTION!!!
[22:26:52] [Server thread/ERROR]: [com.dfsek.terra.bukkit.nms.Initializer] PROCEEDING WITH AN EXISTING TERRA WORLD WILL RESULT IN CORRUPTION!!!
[22:26:52] [Server thread/ERROR]: [com.dfsek.terra.bukkit.nms.Initializer] PROCEEDING WITH AN EXISTING TERRA WORLD WILL RESULT IN CORRUPTION!!!
[22:26:52] [Server thread/ERROR]: [com.dfsek.terra.bukkit.nms.Initializer] PROCEEDING WITH AN EXISTING TERRA WORLD WILL RESULT IN CORRUPTION!!!
[22:26:52] [Server thread/ERROR]: [com.dfsek.terra.bukkit.nms.Initializer] PROCEEDING WITH AN EXISTING TERRA WORLD WILL RESULT IN CORRUPTION!!!
[22:26:52] [Server thread/ERROR]: [com.dfsek.terra.bukkit.nms.Initializer] PROCEEDING WITH AN EXISTING TERRA WORLD WILL RESULT IN CORRUPTION!!!
[22:26:52] [Server thread/ERROR]: [com.dfsek.terra.bukkit.nms.Initializer] PROCEEDING WITH AN EXISTING TERRA WORLD WILL RESULT IN CORRUPTION!!!
[22:26:52] [Server thread/ERROR]: [com.dfsek.terra.bukkit.nms.Initializer] PROCEEDING WITH AN EXISTING TERRA WORLD WILL RESULT IN CORRUPTION!!!
[22:26:52] [Server thread/ERROR]: [com.dfsek.terra.bukkit.nms.Initializer] PROCEEDING WITH AN EXISTING TERRA WORLD WILL RESULT IN CORRUPTION!!!
[22:26:52] [Server thread/ERROR]: [com.dfsek.terra.bukkit.nms.Initializer] PROCEEDING WITH AN EXISTING TERRA WORLD WILL RESULT IN CORRUPTION!!!
[22:26:52] [Server thread/ERROR]: [com.dfsek.terra.bukkit.nms.Initializer] PROCEEDING WITH AN EXISTING TERRA WORLD WILL RESULT IN CORRUPTION!!!
[22:26:52] [Server thread/ERROR]: [com.dfsek.terra.bukkit.nms.Initializer] PROCEEDING WITH AN EXISTING TERRA WORLD WILL RESULT IN CORRUPTION!!!
[22:26:52] [Server thread/ERROR]: [com.dfsek.terra.bukkit.nms.Initializer] PROCEEDING WITH AN EXISTING TERRA WORLD WILL RESULT IN CORRUPTION!!!
[22:26:52] [Server thread/ERROR]: [com.dfsek.terra.bukkit.nms.Initializer] PROCEEDING WITH AN EXISTING TERRA WORLD WILL RESULT IN CORRUPTION!!!
[22:26:52] [Server thread/ERROR]: [com.dfsek.terra.bukkit.nms.Initializer] PROCEEDING WITH AN EXISTING TERRA WORLD WILL RESULT IN CORRUPTION!!!
[22:26:52] [Server thread/ERROR]: [com.dfsek.terra.bukkit.nms.Initializer] PROCEEDING WITH AN EXISTING TERRA WORLD WILL RESULT IN CORRUPTION!!!
[22:26:52] [Server thread/ERROR]: [com.dfsek.terra.bukkit.nms.Initializer] PROCEEDING WITH AN EXISTING TERRA WORLD WILL RESULT IN CORRUPTION!!!
[22:26:52] [Server thread/ERROR]: [com.dfsek.terra.bukkit.nms.Initializer] PROCEEDING WITH AN EXISTING TERRA WORLD WILL RESULT IN CORRUPTION!!!
[22:26:52] [Server thread/ERROR]: [com.dfsek.terra.bukkit.nms.Initializer] 
[22:26:52] [Server thread/ERROR]: [com.dfsek.terra.bukkit.nms.Initializer] 
[22:26:52] [Server thread/ERROR]: [com.dfsek.terra.bukkit.nms.Initializer] NMS bindings for version v1_19_R3 do not exist. Support for this version is limited.
[22:26:52] [Server thread/ERROR]: [com.dfsek.terra.bukkit.nms.Initializer] This is usually due to running Terra on an unsupported Minecraft version.
[22:26:52] [Server thread/WARN]: **** SERVER IS RUNNING IN OFFLINE/INSECURE MODE!
[22:26:52] [Server thread/WARN]: The server will make no attempt to authenticate usernames. Beware.
[22:26:52] [Server thread/WARN]: While this makes the game possible to play without internet access, it also opens up the ability for hackers to connect with any username they choose.
[22:26:52] [Server thread/WARN]: To change this, set "online-mode" to "true" in the server.properties file.
[22:26:52] [Server thread/INFO]: Preparing level "world"
[22:26:53] [Server thread/INFO]: Preparing start region for dimension minecraft:overworld
[22:26:53] [Server thread/INFO]: Time elapsed: 103 ms
[22:26:53] [Server thread/INFO]: Preparing start region for dimension minecraft:the_nether
[22:26:53] [Server thread/INFO]: Time elapsed: 20 ms
[22:26:53] [Server thread/INFO]: Preparing start region for dimension minecraft:the_end
[22:26:53] [Server thread/INFO]: Time elapsed: 17 ms
[22:26:53] [Server thread/INFO]: [mcMMO] Enabling mcMMO v2.1.219-SNAPSHOT
[22:26:53] [Server thread/INFO]: [mcMMO] [config] Initializing config: config.yml
[22:26:53] [Server thread/INFO]: [mcMMO] [config] Loading config from disk: config.yml
[22:26:53] [Server thread/INFO]: [mcMMO] [config] Config initialized: config.yml
[22:26:53] [Server thread/INFO]: [mcMMO] [Debug] No errors found in config.yml!
[22:26:53] [Server thread/INFO]: [mcMMO] Loading locale from plugins\mcMMO\locales\locale_override.properties
[22:26:53] [Server thread/INFO]: [mcMMO] [config] Initializing config: advanced.yml
[22:26:53] [Server thread/INFO]: [mcMMO] [config] Loading config from disk: advanced.yml
[22:26:53] [Server thread/INFO]: [mcMMO] [config] Config initialized: advanced.yml
[22:26:53] [Server thread/INFO]: [mcMMO] [Debug] No errors found in advanced.yml!
[22:26:53] [Server thread/INFO]: [mcMMO] Platform String: 1.19.4-R0.1-SNAPSHOT
[22:26:53] [Server thread/INFO]: [mcMMO] Minecraft version determined to be - 1.19.4
[22:26:53] [Server thread/INFO]: [mcMMO] Loading compatibility layers...
[22:26:53] [Server thread/INFO]: [mcMMO] Finished loading compatibility layers.
[22:26:53] [Server thread/INFO]: [mcMMO] [config] Initializing config: persistent_data.yml
[22:26:53] [Server thread/INFO]: [mcMMO] [config] Loading config from disk: persistent_data.yml
[22:26:53] [Server thread/INFO]: [mcMMO] [config] Config initialized: persistent_data.yml
[22:26:53] [Server thread/INFO]: [mcMMO] [Debug] No errors found in persistent_data.yml!
[22:26:53] [Server thread/INFO]: [mcMMO] [config] Initializing config: upgrades_overhaul.yml
[22:26:53] [Server thread/INFO]: [mcMMO] [config] Loading config from disk: upgrades_overhaul.yml
[22:26:53] [Server thread/INFO]: [mcMMO] [config] Config initialized: upgrades_overhaul.yml
[22:26:53] [Server thread/INFO]: [mcMMO] [config] Initializing config: treasures.yml
[22:26:53] [Server thread/INFO]: [mcMMO] [config] Loading config from disk: treasures.yml
[22:26:53] [Server thread/INFO]: [mcMMO] [config] Config initialized: treasures.yml
[22:26:53] [Server thread/INFO]: [mcMMO] [config] Initializing config: fishing_treasures.yml
[22:26:53] [Server thread/INFO]: [mcMMO] [config] Loading config from disk: fishing_treasures.yml
[22:26:53] [Server thread/INFO]: [mcMMO] [config] Config initialized: fishing_treasures.yml
[22:26:53] [Server thread/INFO]: [mcMMO] Registering enchantments for Fishing Book...
[22:26:53] [Server thread/INFO]: [mcMMO] Loading mcMMO potions.yml File...
[22:26:53] [Server thread/INFO]: [mcMMO] [config] Initializing config: coreskills.yml
[22:26:53] [Server thread/INFO]: [mcMMO] [config] Loading config from disk: coreskills.yml
[22:26:53] [Server thread/INFO]: [mcMMO] [config] Config initialized: coreskills.yml
[22:26:53] [Server thread/INFO]: [mcMMO] [config] Initializing config: sounds.yml
[22:26:53] [Server thread/INFO]: [mcMMO] [config] Loading config from disk: sounds.yml
[22:26:53] [Server thread/INFO]: [mcMMO] [config] Config initialized: sounds.yml
[22:26:53] [Server thread/INFO]: [mcMMO] Loading mcMMO skillranks.yml File...
[22:26:54] [Server thread/INFO]: [mcMMO] [config] Initializing config: child.yml
[22:26:54] [Server thread/INFO]: [mcMMO] [config] Loading config from disk: child.yml
[22:26:54] [Server thread/INFO]: [mcMMO] [config] Config initialized: child.yml
[22:26:54] [Server thread/INFO]: [mcMMO] [config] Initializing config: repair.vanilla.yml
[22:26:54] [Server thread/INFO]: [mcMMO] [config] Loading config from disk: repair.vanilla.yml
[22:26:54] [Server thread/INFO]: [mcMMO] [config] Config initialized: repair.vanilla.yml
[22:26:54] [Server thread/INFO]: [mcMMO] [config] Initializing config: salvage.vanilla.yml
[22:26:54] [Server thread/INFO]: [mcMMO] [config] Loading config from disk: salvage.vanilla.yml
[22:26:54] [Server thread/INFO]: [mcMMO] [config] Config initialized: salvage.vanilla.yml
[22:26:54] [Server thread/INFO]: [mcMMO] (plugins\mcMMO\flatfile\mcmmo.users) Validating database file..
[22:26:55] [Server thread/INFO]: [mcMMO] Enabling Acrobatics Skills
[22:26:55] [Server thread/INFO]: [mcMMO] Registered subskill: Roll
[22:26:55] [Server thread/INFO]: [mcMMO] [config] Initializing config: experience.yml
[22:26:55] [Server thread/INFO]: [mcMMO] [config] Loading config from disk: experience.yml
[22:26:55] [Server thread/INFO]: [mcMMO] [config] Config initialized: experience.yml
[22:26:55] [Server thread/INFO]: [mcMMO] 0 entries in mcMMO World Blacklist
[22:26:55] [Server thread/INFO]: [mcMMO] [config] Initializing config: chat.yml
[22:26:55] [Server thread/INFO]: [mcMMO] [config] Loading config from disk: chat.yml
[22:26:55] [Server thread/INFO]: [mcMMO] [config] Config initialized: chat.yml
[22:26:55] [Server thread/INFO]: [VeinMiner] Enabling VeinMiner v2.0.0
[22:26:55] [Server thread/INFO]: [VeinMiner] Loading configuration options to local memory
[22:26:55] [Server thread/INFO]: [VeinMiner] Added 12 aliases.
[22:26:55] [Server thread/INFO]: [VeinMiner] Registered category with id "Axe" holding 6 unique items and 24 unique blocks.
[22:26:55] [Server thread/INFO]: [VeinMiner] Registered category with id "Hoe" holding 6 unique items and 10 unique blocks.
[22:26:55] [Server thread/INFO]: [VeinMiner] Registered category with id "Pickaxe" holding 6 unique items and 23 unique blocks.
[22:26:55] [Server thread/INFO]: [VeinMiner] Registered category with id "Shears" holding 1 unique items and 26 unique blocks.
[22:26:55] [Server thread/INFO]: [VeinMiner] Registered category with id "Shovel" holding 6 unique items and 9 unique blocks.
[22:26:55] [Server thread/INFO]: [VeinMiner] Registering commands
[22:26:55] [Server thread/INFO]: [VeinMiner] Performing an update check!
[22:26:55] [Server thread/INFO]: [VeinMiner] Registering events
[22:26:55] [Server thread/INFO]: [VeinMiner] Vault not found. Economy support suspended
[22:26:55] [Server thread/INFO]: [VeinMiner] Enabling Plugin Metrics
[22:26:55] [Server thread/INFO]: [VeinMiner] Thanks for enabling Metrics! The anonymous stats are appreciated
[22:26:55] [Server thread/INFO]: [TreeCapitator] Enabling TreeCapitator v1.0*
[22:26:55] [Server thread/INFO]: [LoginSecurity] Enabling LoginSecurity v3.1.1*
[22:26:55] [ForkJoinPool.commonPool-worker-8/INFO]: [VeinMiner] Using SQLITE for persistent storage.
[22:26:55] [Server thread/INFO]: [LoginSecurity] Loading base translations from "en_us"
[22:26:55] [Server thread/INFO]: [LoginSecurity] Loading specified translations from "en_us"
[22:26:55] [Server thread/INFO]: [LoginSecurity] Registering commands...
[22:26:55] [Server thread/INFO]: [LoginSecurity] Registering listeners...
[22:26:55] [Server thread/INFO]: [LoginSecurity] Using 1.12+ map captcha renderer
[22:26:55] [Server thread/INFO]: [GSit] Enabling GSit v1.4.1
[22:26:55] [Server thread/INFO]: [GSit] The plugin was successfully enabled.
[22:26:55] [Server thread/INFO]: [Essentials] Enabling Essentials v2.20.0-dev+45-bf14b88
[22:26:55] [Server thread/INFO]: [Essentials] Attempting to convert old kits in config.yml to new kits.yml
[22:26:55] [Server thread/INFO]: [Essentials] No kits found to migrate.
[22:26:56] [Server thread/INFO]: [Essentials] Loaded 38132 items from items.json.
[22:26:56] [Server thread/INFO]: [Essentials] Using locale en_US
[22:26:56] [Server thread/INFO]: [Essentials] ServerListPingEvent: Spigot iterator API
[22:26:56] [Server thread/INFO]: [Essentials] Starting Metrics. Opt-out using the global bStats config.
[22:26:56] [Server thread/WARN]: [Essentials] Detected supported permissions plugin LuckPerms without Vault installed.
[22:26:56] [Server thread/WARN]: [Essentials] Features such as chat prefixes/suffixes and group-related functionality will not work until you install Vault.
[22:26:56] [Server thread/INFO]: [Essentials] Using superperms-based permissions.
[22:26:56] [Server thread/INFO]: [dynmap] Enabling dynmap v3.5-beta-3-866
[22:26:56] [Server thread/INFO]: [dynmap] Added 19 custom biome mappings
[22:26:56] [Server thread/INFO]: [dynmap] Using LuckPerms 5.4.40 for access control
[22:26:56] [Server thread/INFO]: [dynmap] Mod Support processing completed
[22:26:56] [ForkJoinPool.commonPool-worker-8/INFO]: [VeinMiner] You are on the latest version of VeinMiner.
[22:26:57] [Server thread/INFO]: [dynmap] Loaded 27 shaders.
[22:26:57] [Server thread/INFO]: [dynmap] Loaded 83 perspectives.
[22:26:57] [Server thread/INFO]: [dynmap] Loaded 22 lightings.
[22:26:57] [Server thread/INFO]: [dynmap] Starting enter/exit processing
[22:26:57] [Dynmap Render Thread/INFO]: [dynmap] Finish marker initialization
[22:26:57] [Server thread/INFO]: [dynmap] Web server started on address 0.0.0.0:8123
[22:26:57] [Server thread/INFO]: [dynmap] version 3.5-beta-3-866 is enabled - core version 3.5-beta-3-866
[22:26:57] [Server thread/INFO]: [dynmap] For support, visit our Discord at https://discord.gg/s3rd5qn
[22:26:57] [Server thread/INFO]: [dynmap] For news, visit https://reddit.com/r/Dynmap or follow https://universeodon.com/@dynmap
[22:26:57] [Server thread/INFO]: [dynmap] To report or track bugs, visit https://github.com/webbukkit/dynmap/issues
[22:26:57] [Server thread/INFO]: [dynmap] If you'd like to donate, please visit https://www.patreon.com/dynmap or https://ko-fi.com/michaelprimm
[22:26:57] [Server thread/INFO]: [dynmap] Loaded 3 maps of world 'world'.
[22:26:57] [Server thread/INFO]: [dynmap] Loaded 73222 pending tile renders for world 'world'
[22:26:57] [Server thread/INFO]: [dynmap] Loaded 2 maps of world 'world_nether'.
[22:26:57] [Server thread/INFO]: [dynmap] Loaded 2858 pending tile renders for world 'world_nether'
[22:26:57] [Server thread/INFO]: [dynmap] Loaded 2 maps of world 'world_the_end'.
[22:26:57] [Server thread/INFO]: [dynmap] Loaded 2858 pending tile renders for world 'world_the_end'
[22:26:57] [Server thread/INFO]: [dynmap] Enabled
[22:26:58] [Server thread/INFO]: Running delayed init tasks
[22:26:58] [Server thread/INFO]: Done (11.403s)! For help, type "help"
[22:26:58] [Server thread/INFO]: Timings Reset
[22:26:58] [Craft Scheduler Thread - 2 - Essentials/INFO]: [Essentials] Fetching version information...
[22:26:58] [Dynmap Render Thread/INFO]: [dynmap] Loading default resource pack
[22:27:00] [User Authenticator #0/INFO]: UUID of player sanford is 6736ae87-80a1-324f-b2f6-02db40addfa4
[22:27:00] [Server thread/INFO]: sanford joined the game
[22:27:00] [Server thread/INFO]: sanford[/172.29.64.1:62971] logged in with entity id 132 at ([world]-7972853.419424579, 103.0, 2.9268979699999988E7)
[22:27:09] [Server thread/INFO]: [mcMMO] WorldGuard was not detected.
[22:27:53] [Server thread/INFO]: sanford issued server command: /woodcutting
[22:28:16] [Server thread/INFO]: sanford issued server command: /axes
[22:28:24] [Server thread/INFO]: sanford issued server command: /addlevels sanford Axes 10000
[22:28:24] [Server thread/INFO]: (mcMMO) ~Alessandro has reached level 10,000 in Axes!
[22:28:27] [Server thread/INFO]: sanford issued server command: /axes
